<?xml version="1.0" encoding="UTF-8"?>
<testsuite xmlns:xsi="http://www.w3.org/2001/XMLSchema-instance" xsi:noNamespaceSchemaLocation="https://maven.apache.org/surefire/maven-surefire-plugin/xsd/surefire-test-report-3.0.xsd" version="3.0" name="app.utility.CalculatorTest" time="0.019" tests="5" errors="0" skipped="0" failures="3">
  <properties>
    <property name="java.specification.version" value="17"/>
    <property name="sun.jnu.encoding" value="UTF-8"/>
    <property name="java.class.path" value="/Users/youssefbadran/Documents/GitHub/FogsCarport/target/test-classes:/Users/youssefbadran/Documents/GitHub/FogsCarport/target/classes:/Users/youssefbadran/.m2/repository/io/javalin/javalin/5.6.1/javalin-5.6.1.jar:/Users/youssefbadran/.m2/repository/org/jetbrains/annotations/24.0.1/annotations-24.0.1.jar:/Users/youssefbadran/.m2/repository/org/slf4j/slf4j-api/2.0.7/slf4j-api-2.0.7.jar:/Users/youssefbadran/.m2/repository/org/eclipse/jetty/jetty-server/11.0.15/jetty-server-11.0.15.jar:/Users/youssefbadran/.m2/repository/org/eclipse/jetty/toolchain/jetty-jakarta-servlet-api/5.0.2/jetty-jakarta-servlet-api-5.0.2.jar:/Users/youssefbadran/.m2/repository/org/eclipse/jetty/jetty-http/11.0.15/jetty-http-11.0.15.jar:/Users/youssefbadran/.m2/repository/org/eclipse/jetty/jetty-util/11.0.15/jetty-util-11.0.15.jar:/Users/youssefbadran/.m2/repository/org/eclipse/jetty/jetty-io/11.0.15/jetty-io-11.0.15.jar:/Users/youssefbadran/.m2/repository/org/eclipse/jetty/jetty-webapp/11.0.15/jetty-webapp-11.0.15.jar:/Users/youssefbadran/.m2/repository/org/eclipse/jetty/jetty-servlet/11.0.15/jetty-servlet-11.0.15.jar:/Users/youssefbadran/.m2/repository/org/eclipse/jetty/jetty-security/11.0.15/jetty-security-11.0.15.jar:/Users/youssefbadran/.m2/repository/org/eclipse/jetty/jetty-xml/11.0.15/jetty-xml-11.0.15.jar:/Users/youssefbadran/.m2/repository/org/eclipse/jetty/websocket/websocket-jetty-server/11.0.15/websocket-jetty-server-11.0.15.jar:/Users/youssefbadran/.m2/repository/org/eclipse/jetty/websocket/websocket-jetty-common/11.0.15/websocket-jetty-common-11.0.15.jar:/Users/youssefbadran/.m2/repository/org/eclipse/jetty/websocket/websocket-core-common/11.0.15/websocket-core-common-11.0.15.jar:/Users/youssefbadran/.m2/repository/org/eclipse/jetty/websocket/websocket-servlet/11.0.15/websocket-servlet-11.0.15.jar:/Users/youssefbadran/.m2/repository/org/eclipse/jetty/websocket/websocket-core-server/11.0.15/websocket-core-server-11.0.15.jar:/Users/youssefbadran/.m2/repository/org/eclipse/jetty/jetty-annotations/11.0.15/jetty-annotations-11.0.15.jar:/Users/youssefbadran/.m2/repository/org/eclipse/jetty/jetty-plus/11.0.15/jetty-plus-11.0.15.jar:/Users/youssefbadran/.m2/repository/jakarta/transaction/jakarta.transaction-api/2.0.0/jakarta.transaction-api-2.0.0.jar:/Users/youssefbadran/.m2/repository/org/eclipse/jetty/jetty-jndi/11.0.15/jetty-jndi-11.0.15.jar:/Users/youssefbadran/.m2/repository/jakarta/annotation/jakarta.annotation-api/2.1.1/jakarta.annotation-api-2.1.1.jar:/Users/youssefbadran/.m2/repository/org/ow2/asm/asm/9.5/asm-9.5.jar:/Users/youssefbadran/.m2/repository/org/ow2/asm/asm-commons/9.5/asm-commons-9.5.jar:/Users/youssefbadran/.m2/repository/org/ow2/asm/asm-tree/9.5/asm-tree-9.5.jar:/Users/youssefbadran/.m2/repository/org/eclipse/jetty/websocket/websocket-jetty-api/11.0.15/websocket-jetty-api-11.0.15.jar:/Users/youssefbadran/.m2/repository/org/jetbrains/kotlin/kotlin-stdlib-jdk8/1.8.21/kotlin-stdlib-jdk8-1.8.21.jar:/Users/youssefbadran/.m2/repository/org/jetbrains/kotlin/kotlin-stdlib/1.8.21/kotlin-stdlib-1.8.21.jar:/Users/youssefbadran/.m2/repository/org/jetbrains/kotlin/kotlin-stdlib-common/1.8.21/kotlin-stdlib-common-1.8.21.jar:/Users/youssefbadran/.m2/repository/org/jetbrains/kotlin/kotlin-stdlib-jdk7/1.8.21/kotlin-stdlib-jdk7-1.8.21.jar:/Users/youssefbadran/.m2/repository/org/slf4j/slf4j-simple/2.0.7/slf4j-simple-2.0.7.jar:/Users/youssefbadran/.m2/repository/io/javalin/javalin-rendering/5.6.1/javalin-rendering-5.6.1.jar:/Users/youssefbadran/.m2/repository/org/thymeleaf/thymeleaf/3.1.1.RELEASE/thymeleaf-3.1.1.RELEASE.jar:/Users/youssefbadran/.m2/repository/ognl/ognl/3.3.4/ognl-3.3.4.jar:/Users/youssefbadran/.m2/repository/org/javassist/javassist/3.29.0-GA/javassist-3.29.0-GA.jar:/Users/youssefbadran/.m2/repository/org/attoparser/attoparser/2.0.6.RELEASE/attoparser-2.0.6.RELEASE.jar:/Users/youssefbadran/.m2/repository/org/unbescape/unbescape/1.1.6.RELEASE/unbescape-1.1.6.RELEASE.jar:/Users/youssefbadran/.m2/repository/org/thymeleaf/extras/thymeleaf-extras-java8time/3.0.4.RELEASE/thymeleaf-extras-java8time-3.0.4.RELEASE.jar:/Users/youssefbadran/.m2/repository/com/fasterxml/jackson/core/jackson-databind/2.14.0-rc1/jackson-databind-2.14.0-rc1.jar:/Users/youssefbadran/.m2/repository/com/fasterxml/jackson/core/jackson-annotations/2.14.0-rc1/jackson-annotations-2.14.0-rc1.jar:/Users/youssefbadran/.m2/repository/com/fasterxml/jackson/core/jackson-core/2.14.0-rc1/jackson-core-2.14.0-rc1.jar:/Users/youssefbadran/.m2/repository/com/zaxxer/HikariCP/4.0.3/HikariCP-4.0.3.jar:/Users/youssefbadran/.m2/repository/org/postgresql/postgresql/42.6.0/postgresql-42.6.0.jar:/Users/youssefbadran/.m2/repository/org/checkerframework/checker-qual/3.31.0/checker-qual-3.31.0.jar:/Users/youssefbadran/.m2/repository/org/junit/jupiter/junit-jupiter-api/5.8.2/junit-jupiter-api-5.8.2.jar:/Users/youssefbadran/.m2/repository/org/opentest4j/opentest4j/1.2.0/opentest4j-1.2.0.jar:/Users/youssefbadran/.m2/repository/org/junit/platform/junit-platform-commons/1.8.2/junit-platform-commons-1.8.2.jar:/Users/youssefbadran/.m2/repository/org/apiguardian/apiguardian-api/1.1.2/apiguardian-api-1.1.2.jar:/Users/youssefbadran/.m2/repository/org/junit/jupiter/junit-jupiter-engine/5.8.2/junit-jupiter-engine-5.8.2.jar:/Users/youssefbadran/.m2/repository/org/junit/platform/junit-platform-engine/1.8.2/junit-platform-engine-1.8.2.jar:/Users/youssefbadran/.m2/repository/org/hamcrest/hamcrest/2.2/hamcrest-2.2.jar:/Users/youssefbadran/.m2/repository/com/sendgrid/sendgrid-java/4.10.1/sendgrid-java-4.10.1.jar:/Users/youssefbadran/.m2/repository/com/sendgrid/java-http-client/4.5.0/java-http-client-4.5.0.jar:/Users/youssefbadran/.m2/repository/org/apache/httpcomponents/httpcore/4.4.15/httpcore-4.4.15.jar:/Users/youssefbadran/.m2/repository/org/apache/httpcomponents/httpclient/4.5.13/httpclient-4.5.13.jar:/Users/youssefbadran/.m2/repository/commons-logging/commons-logging/1.2/commons-logging-1.2.jar:/Users/youssefbadran/.m2/repository/commons-codec/commons-codec/1.11/commons-codec-1.11.jar:/Users/youssefbadran/.m2/repository/org/bouncycastle/bcprov-jdk18on/1.76/bcprov-jdk18on-1.76.jar:/Users/youssefbadran/.m2/repository/org/apache/xmlgraphics/batik-dom/1.14/batik-dom-1.14.jar:/Users/youssefbadran/.m2/repository/org/apache/xmlgraphics/batik-css/1.14/batik-css-1.14.jar:/Users/youssefbadran/.m2/repository/org/apache/xmlgraphics/xmlgraphics-commons/2.6/xmlgraphics-commons-2.6.jar:/Users/youssefbadran/.m2/repository/commons-io/commons-io/1.3.1/commons-io-1.3.1.jar:/Users/youssefbadran/.m2/repository/org/apache/xmlgraphics/batik-ext/1.14/batik-ext-1.14.jar:/Users/youssefbadran/.m2/repository/org/apache/xmlgraphics/batik-shared-resources/1.14/batik-shared-resources-1.14.jar:/Users/youssefbadran/.m2/repository/org/apache/xmlgraphics/batik-util/1.14/batik-util-1.14.jar:/Users/youssefbadran/.m2/repository/org/apache/xmlgraphics/batik-xml/1.14/batik-xml-1.14.jar:/Users/youssefbadran/.m2/repository/xalan/xalan/2.7.2/xalan-2.7.2.jar:/Users/youssefbadran/.m2/repository/xalan/serializer/2.7.2/serializer-2.7.2.jar:/Users/youssefbadran/.m2/repository/xml-apis/xml-apis/1.4.01/xml-apis-1.4.01.jar:/Users/youssefbadran/.m2/repository/xml-apis/xml-apis-ext/1.3.04/xml-apis-ext-1.3.04.jar:/Users/youssefbadran/.m2/repository/org/apache/xmlgraphics/batik-all/1.14/batik-all-1.14.jar:/Users/youssefbadran/.m2/repository/org/apache/xmlgraphics/batik-anim/1.14/batik-anim-1.14.jar:/Users/youssefbadran/.m2/repository/org/apache/xmlgraphics/batik-awt-util/1.14/batik-awt-util-1.14.jar:/Users/youssefbadran/.m2/repository/org/apache/xmlgraphics/batik-bridge/1.14/batik-bridge-1.14.jar:/Users/youssefbadran/.m2/repository/org/apache/xmlgraphics/batik-codec/1.14/batik-codec-1.14.jar:/Users/youssefbadran/.m2/repository/org/apache/xmlgraphics/batik-constants/1.14/batik-constants-1.14.jar:/Users/youssefbadran/.m2/repository/org/apache/xmlgraphics/batik-extension/1.14/batik-extension-1.14.jar:/Users/youssefbadran/.m2/repository/org/apache/xmlgraphics/batik-gui-util/1.14/batik-gui-util-1.14.jar:/Users/youssefbadran/.m2/repository/org/apache/xmlgraphics/batik-gvt/1.14/batik-gvt-1.14.jar:/Users/youssefbadran/.m2/repository/org/apache/xmlgraphics/batik-i18n/1.14/batik-i18n-1.14.jar:/Users/youssefbadran/.m2/repository/org/apache/xmlgraphics/batik-parser/1.14/batik-parser-1.14.jar:/Users/youssefbadran/.m2/repository/org/apache/xmlgraphics/batik-rasterizer-ext/1.14/batik-rasterizer-ext-1.14.jar:/Users/youssefbadran/.m2/repository/org/apache/xmlgraphics/batik-rasterizer/1.14/batik-rasterizer-1.14.jar:/Users/youssefbadran/.m2/repository/org/apache/xmlgraphics/batik-script/1.14/batik-script-1.14.jar:/Users/youssefbadran/.m2/repository/org/apache/xmlgraphics/batik-slideshow/1.14/batik-slideshow-1.14.jar:/Users/youssefbadran/.m2/repository/org/apache/xmlgraphics/batik-squiggle-ext/1.14/batik-squiggle-ext-1.14.jar:/Users/youssefbadran/.m2/repository/org/apache/xmlgraphics/batik-squiggle/1.14/batik-squiggle-1.14.jar:/Users/youssefbadran/.m2/repository/org/apache/xmlgraphics/batik-svg-dom/1.14/batik-svg-dom-1.14.jar:/Users/youssefbadran/.m2/repository/org/apache/xmlgraphics/batik-svgbrowser/1.14/batik-svgbrowser-1.14.jar:/Users/youssefbadran/.m2/repository/org/apache/xmlgraphics/batik-svggen/1.14/batik-svggen-1.14.jar:/Users/youssefbadran/.m2/repository/org/apache/xmlgraphics/batik-svgpp/1.14/batik-svgpp-1.14.jar:/Users/youssefbadran/.m2/repository/org/apache/xmlgraphics/batik-svgrasterizer/1.14/batik-svgrasterizer-1.14.jar:/Users/youssefbadran/.m2/repository/org/apache/xmlgraphics/batik-swing/1.14/batik-swing-1.14.jar:/Users/youssefbadran/.m2/repository/org/apache/xmlgraphics/batik-transcoder/1.14/batik-transcoder-1.14.jar:/Users/youssefbadran/.m2/repository/org/apache/xmlgraphics/batik-ttf2svg/1.14/batik-ttf2svg-1.14.jar:"/>
    <property name="java.vm.vendor" value="Amazon.com Inc."/>
    <property name="sun.arch.data.model" value="64"/>
    <property name="java.vendor.url" value="https://aws.amazon.com/corretto/"/>
    <property name="user.timezone" value="Europe/Copenhagen"/>
    <property name="os.name" value="Mac OS X"/>
    <property name="java.vm.specification.version" value="17"/>
    <property name="sun.java.launcher" value="SUN_STANDARD"/>
    <property name="user.country" value="GB"/>
    <property name="sun.boot.library.path" value="/Users/youssefbadran/Library/Java/JavaVirtualMachines/corretto-17.0.8.1/Contents/Home/lib"/>
    <property name="sun.java.command" value="/Users/youssefbadran/Documents/GitHub/FogsCarport/target/surefire/surefirebooter-20231225130801862_3.jar /Users/youssefbadran/Documents/GitHub/FogsCarport/target/surefire 2023-12-25T13-08-01_002-jvmRun1 surefire-20231225130801862_1tmp surefire_0-20231225130801862_2tmp"/>
    <property name="http.nonProxyHosts" value="local|*.local|169.254/16|*.169.254/16"/>
    <property name="jdk.debug" value="release"/>
    <property name="surefire.test.class.path" value="/Users/youssefbadran/Documents/GitHub/FogsCarport/target/test-classes:/Users/youssefbadran/Documents/GitHub/FogsCarport/target/classes:/Users/youssefbadran/.m2/repository/io/javalin/javalin/5.6.1/javalin-5.6.1.jar:/Users/youssefbadran/.m2/repository/org/jetbrains/annotations/24.0.1/annotations-24.0.1.jar:/Users/youssefbadran/.m2/repository/org/slf4j/slf4j-api/2.0.7/slf4j-api-2.0.7.jar:/Users/youssefbadran/.m2/repository/org/eclipse/jetty/jetty-server/11.0.15/jetty-server-11.0.15.jar:/Users/youssefbadran/.m2/repository/org/eclipse/jetty/toolchain/jetty-jakarta-servlet-api/5.0.2/jetty-jakarta-servlet-api-5.0.2.jar:/Users/youssefbadran/.m2/repository/org/eclipse/jetty/jetty-http/11.0.15/jetty-http-11.0.15.jar:/Users/youssefbadran/.m2/repository/org/eclipse/jetty/jetty-util/11.0.15/jetty-util-11.0.15.jar:/Users/youssefbadran/.m2/repository/org/eclipse/jetty/jetty-io/11.0.15/jetty-io-11.0.15.jar:/Users/youssefbadran/.m2/repository/org/eclipse/jetty/jetty-webapp/11.0.15/jetty-webapp-11.0.15.jar:/Users/youssefbadran/.m2/repository/org/eclipse/jetty/jetty-servlet/11.0.15/jetty-servlet-11.0.15.jar:/Users/youssefbadran/.m2/repository/org/eclipse/jetty/jetty-security/11.0.15/jetty-security-11.0.15.jar:/Users/youssefbadran/.m2/repository/org/eclipse/jetty/jetty-xml/11.0.15/jetty-xml-11.0.15.jar:/Users/youssefbadran/.m2/repository/org/eclipse/jetty/websocket/websocket-jetty-server/11.0.15/websocket-jetty-server-11.0.15.jar:/Users/youssefbadran/.m2/repository/org/eclipse/jetty/websocket/websocket-jetty-common/11.0.15/websocket-jetty-common-11.0.15.jar:/Users/youssefbadran/.m2/repository/org/eclipse/jetty/websocket/websocket-core-common/11.0.15/websocket-core-common-11.0.15.jar:/Users/youssefbadran/.m2/repository/org/eclipse/jetty/websocket/websocket-servlet/11.0.15/websocket-servlet-11.0.15.jar:/Users/youssefbadran/.m2/repository/org/eclipse/jetty/websocket/websocket-core-server/11.0.15/websocket-core-server-11.0.15.jar:/Users/youssefbadran/.m2/repository/org/eclipse/jetty/jetty-annotations/11.0.15/jetty-annotations-11.0.15.jar:/Users/youssefbadran/.m2/repository/org/eclipse/jetty/jetty-plus/11.0.15/jetty-plus-11.0.15.jar:/Users/youssefbadran/.m2/repository/jakarta/transaction/jakarta.transaction-api/2.0.0/jakarta.transaction-api-2.0.0.jar:/Users/youssefbadran/.m2/repository/org/eclipse/jetty/jetty-jndi/11.0.15/jetty-jndi-11.0.15.jar:/Users/youssefbadran/.m2/repository/jakarta/annotation/jakarta.annotation-api/2.1.1/jakarta.annotation-api-2.1.1.jar:/Users/youssefbadran/.m2/repository/org/ow2/asm/asm/9.5/asm-9.5.jar:/Users/youssefbadran/.m2/repository/org/ow2/asm/asm-commons/9.5/asm-commons-9.5.jar:/Users/youssefbadran/.m2/repository/org/ow2/asm/asm-tree/9.5/asm-tree-9.5.jar:/Users/youssefbadran/.m2/repository/org/eclipse/jetty/websocket/websocket-jetty-api/11.0.15/websocket-jetty-api-11.0.15.jar:/Users/youssefbadran/.m2/repository/org/jetbrains/kotlin/kotlin-stdlib-jdk8/1.8.21/kotlin-stdlib-jdk8-1.8.21.jar:/Users/youssefbadran/.m2/repository/org/jetbrains/kotlin/kotlin-stdlib/1.8.21/kotlin-stdlib-1.8.21.jar:/Users/youssefbadran/.m2/repository/org/jetbrains/kotlin/kotlin-stdlib-common/1.8.21/kotlin-stdlib-common-1.8.21.jar:/Users/youssefbadran/.m2/repository/org/jetbrains/kotlin/kotlin-stdlib-jdk7/1.8.21/kotlin-stdlib-jdk7-1.8.21.jar:/Users/youssefbadran/.m2/repository/org/slf4j/slf4j-simple/2.0.7/slf4j-simple-2.0.7.jar:/Users/youssefbadran/.m2/repository/io/javalin/javalin-rendering/5.6.1/javalin-rendering-5.6.1.jar:/Users/youssefbadran/.m2/repository/org/thymeleaf/thymeleaf/3.1.1.RELEASE/thymeleaf-3.1.1.RELEASE.jar:/Users/youssefbadran/.m2/repository/ognl/ognl/3.3.4/ognl-3.3.4.jar:/Users/youssefbadran/.m2/repository/org/javassist/javassist/3.29.0-GA/javassist-3.29.0-GA.jar:/Users/youssefbadran/.m2/repository/org/attoparser/attoparser/2.0.6.RELEASE/attoparser-2.0.6.RELEASE.jar:/Users/youssefbadran/.m2/repository/org/unbescape/unbescape/1.1.6.RELEASE/unbescape-1.1.6.RELEASE.jar:/Users/youssefbadran/.m2/repository/org/thymeleaf/extras/thymeleaf-extras-java8time/3.0.4.RELEASE/thymeleaf-extras-java8time-3.0.4.RELEASE.jar:/Users/youssefbadran/.m2/repository/com/fasterxml/jackson/core/jackson-databind/2.14.0-rc1/jackson-databind-2.14.0-rc1.jar:/Users/youssefbadran/.m2/repository/com/fasterxml/jackson/core/jackson-annotations/2.14.0-rc1/jackson-annotations-2.14.0-rc1.jar:/Users/youssefbadran/.m2/repository/com/fasterxml/jackson/core/jackson-core/2.14.0-rc1/jackson-core-2.14.0-rc1.jar:/Users/youssefbadran/.m2/repository/com/zaxxer/HikariCP/4.0.3/HikariCP-4.0.3.jar:/Users/youssefbadran/.m2/repository/org/postgresql/postgresql/42.6.0/postgresql-42.6.0.jar:/Users/youssefbadran/.m2/repository/org/checkerframework/checker-qual/3.31.0/checker-qual-3.31.0.jar:/Users/youssefbadran/.m2/repository/org/junit/jupiter/junit-jupiter-api/5.8.2/junit-jupiter-api-5.8.2.jar:/Users/youssefbadran/.m2/repository/org/opentest4j/opentest4j/1.2.0/opentest4j-1.2.0.jar:/Users/youssefbadran/.m2/repository/org/junit/platform/junit-platform-commons/1.8.2/junit-platform-commons-1.8.2.jar:/Users/youssefbadran/.m2/repository/org/apiguardian/apiguardian-api/1.1.2/apiguardian-api-1.1.2.jar:/Users/youssefbadran/.m2/repository/org/junit/jupiter/junit-jupiter-engine/5.8.2/junit-jupiter-engine-5.8.2.jar:/Users/youssefbadran/.m2/repository/org/junit/platform/junit-platform-engine/1.8.2/junit-platform-engine-1.8.2.jar:/Users/youssefbadran/.m2/repository/org/hamcrest/hamcrest/2.2/hamcrest-2.2.jar:/Users/youssefbadran/.m2/repository/com/sendgrid/sendgrid-java/4.10.1/sendgrid-java-4.10.1.jar:/Users/youssefbadran/.m2/repository/com/sendgrid/java-http-client/4.5.0/java-http-client-4.5.0.jar:/Users/youssefbadran/.m2/repository/org/apache/httpcomponents/httpcore/4.4.15/httpcore-4.4.15.jar:/Users/youssefbadran/.m2/repository/org/apache/httpcomponents/httpclient/4.5.13/httpclient-4.5.13.jar:/Users/youssefbadran/.m2/repository/commons-logging/commons-logging/1.2/commons-logging-1.2.jar:/Users/youssefbadran/.m2/repository/commons-codec/commons-codec/1.11/commons-codec-1.11.jar:/Users/youssefbadran/.m2/repository/org/bouncycastle/bcprov-jdk18on/1.76/bcprov-jdk18on-1.76.jar:/Users/youssefbadran/.m2/repository/org/apache/xmlgraphics/batik-dom/1.14/batik-dom-1.14.jar:/Users/youssefbadran/.m2/repository/org/apache/xmlgraphics/batik-css/1.14/batik-css-1.14.jar:/Users/youssefbadran/.m2/repository/org/apache/xmlgraphics/xmlgraphics-commons/2.6/xmlgraphics-commons-2.6.jar:/Users/youssefbadran/.m2/repository/commons-io/commons-io/1.3.1/commons-io-1.3.1.jar:/Users/youssefbadran/.m2/repository/org/apache/xmlgraphics/batik-ext/1.14/batik-ext-1.14.jar:/Users/youssefbadran/.m2/repository/org/apache/xmlgraphics/batik-shared-resources/1.14/batik-shared-resources-1.14.jar:/Users/youssefbadran/.m2/repository/org/apache/xmlgraphics/batik-util/1.14/batik-util-1.14.jar:/Users/youssefbadran/.m2/repository/org/apache/xmlgraphics/batik-xml/1.14/batik-xml-1.14.jar:/Users/youssefbadran/.m2/repository/xalan/xalan/2.7.2/xalan-2.7.2.jar:/Users/youssefbadran/.m2/repository/xalan/serializer/2.7.2/serializer-2.7.2.jar:/Users/youssefbadran/.m2/repository/xml-apis/xml-apis/1.4.01/xml-apis-1.4.01.jar:/Users/youssefbadran/.m2/repository/xml-apis/xml-apis-ext/1.3.04/xml-apis-ext-1.3.04.jar:/Users/youssefbadran/.m2/repository/org/apache/xmlgraphics/batik-all/1.14/batik-all-1.14.jar:/Users/youssefbadran/.m2/repository/org/apache/xmlgraphics/batik-anim/1.14/batik-anim-1.14.jar:/Users/youssefbadran/.m2/repository/org/apache/xmlgraphics/batik-awt-util/1.14/batik-awt-util-1.14.jar:/Users/youssefbadran/.m2/repository/org/apache/xmlgraphics/batik-bridge/1.14/batik-bridge-1.14.jar:/Users/youssefbadran/.m2/repository/org/apache/xmlgraphics/batik-codec/1.14/batik-codec-1.14.jar:/Users/youssefbadran/.m2/repository/org/apache/xmlgraphics/batik-constants/1.14/batik-constants-1.14.jar:/Users/youssefbadran/.m2/repository/org/apache/xmlgraphics/batik-extension/1.14/batik-extension-1.14.jar:/Users/youssefbadran/.m2/repository/org/apache/xmlgraphics/batik-gui-util/1.14/batik-gui-util-1.14.jar:/Users/youssefbadran/.m2/repository/org/apache/xmlgraphics/batik-gvt/1.14/batik-gvt-1.14.jar:/Users/youssefbadran/.m2/repository/org/apache/xmlgraphics/batik-i18n/1.14/batik-i18n-1.14.jar:/Users/youssefbadran/.m2/repository/org/apache/xmlgraphics/batik-parser/1.14/batik-parser-1.14.jar:/Users/youssefbadran/.m2/repository/org/apache/xmlgraphics/batik-rasterizer-ext/1.14/batik-rasterizer-ext-1.14.jar:/Users/youssefbadran/.m2/repository/org/apache/xmlgraphics/batik-rasterizer/1.14/batik-rasterizer-1.14.jar:/Users/youssefbadran/.m2/repository/org/apache/xmlgraphics/batik-script/1.14/batik-script-1.14.jar:/Users/youssefbadran/.m2/repository/org/apache/xmlgraphics/batik-slideshow/1.14/batik-slideshow-1.14.jar:/Users/youssefbadran/.m2/repository/org/apache/xmlgraphics/batik-squiggle-ext/1.14/batik-squiggle-ext-1.14.jar:/Users/youssefbadran/.m2/repository/org/apache/xmlgraphics/batik-squiggle/1.14/batik-squiggle-1.14.jar:/Users/youssefbadran/.m2/repository/org/apache/xmlgraphics/batik-svg-dom/1.14/batik-svg-dom-1.14.jar:/Users/youssefbadran/.m2/repository/org/apache/xmlgraphics/batik-svgbrowser/1.14/batik-svgbrowser-1.14.jar:/Users/youssefbadran/.m2/repository/org/apache/xmlgraphics/batik-svggen/1.14/batik-svggen-1.14.jar:/Users/youssefbadran/.m2/repository/org/apache/xmlgraphics/batik-svgpp/1.14/batik-svgpp-1.14.jar:/Users/youssefbadran/.m2/repository/org/apache/xmlgraphics/batik-svgrasterizer/1.14/batik-svgrasterizer-1.14.jar:/Users/youssefbadran/.m2/repository/org/apache/xmlgraphics/batik-swing/1.14/batik-swing-1.14.jar:/Users/youssefbadran/.m2/repository/org/apache/xmlgraphics/batik-transcoder/1.14/batik-transcoder-1.14.jar:/Users/youssefbadran/.m2/repository/org/apache/xmlgraphics/batik-ttf2svg/1.14/batik-ttf2svg-1.14.jar:"/>
    <property name="sun.cpu.endian" value="little"/>
    <property name="user.home" value="/Users/youssefbadran"/>
    <property name="user.language" value="en"/>
    <property name="java.specification.vendor" value="Oracle Corporation"/>
    <property name="java.version.date" value="2023-08-22"/>
    <property name="java.home" value="/Users/youssefbadran/Library/Java/JavaVirtualMachines/corretto-17.0.8.1/Contents/Home"/>
    <property name="file.separator" value="/"/>
    <property name="basedir" value="/Users/youssefbadran/Documents/GitHub/FogsCarport"/>
    <property name="java.vm.compressedOopsMode" value="Zero based"/>
    <property name="line.separator" value="&#10;"/>
    <property name="java.vm.specification.vendor" value="Oracle Corporation"/>
    <property name="java.specification.name" value="Java Platform API Specification"/>
    <property name="surefire.real.class.path" value="/Users/youssefbadran/Documents/GitHub/FogsCarport/target/surefire/surefirebooter-20231225130801862_3.jar"/>
    <property name="sun.management.compiler" value="HotSpot 64-Bit Tiered Compilers"/>
    <property name="ftp.nonProxyHosts" value="local|*.local|169.254/16|*.169.254/16"/>
    <property name="java.runtime.version" value="17.0.8.1+8-LTS"/>
    <property name="user.name" value="youssefbadran"/>
    <property name="path.separator" value=":"/>
    <property name="os.version" value="14.1.1"/>
    <property name="java.runtime.name" value="OpenJDK Runtime Environment"/>
    <property name="file.encoding" value="UTF-8"/>
    <property name="java.vm.name" value="OpenJDK 64-Bit Server VM"/>
    <property name="java.vendor.version" value="Corretto-17.0.8.8.1"/>
    <property name="localRepository" value="/Users/youssefbadran/.m2/repository"/>
    <property name="java.vendor.url.bug" value="https://github.com/corretto/corretto-17/issues/"/>
    <property name="java.io.tmpdir" value="/var/folders/nb/fxty61xd7jsbp25hcb0fqkr00000gn/T/"/>
    <property name="idea.version" value="2023.2.2"/>
    <property name="java.version" value="17.0.8.1"/>
    <property name="user.dir" value="/Users/youssefbadran/Documents/GitHub/FogsCarport"/>
    <property name="os.arch" value="aarch64"/>
    <property name="java.vm.specification.name" value="Java Virtual Machine Specification"/>
    <property name="native.encoding" value="UTF-8"/>
    <property name="java.library.path" value="/Users/youssefbadran/Library/Java/Extensions:/Library/Java/Extensions:/Network/Library/Java/Extensions:/System/Library/Java/Extensions:/usr/lib/java:."/>
    <property name="java.vm.info" value="mixed mode, sharing"/>
    <property name="java.vendor" value="Amazon.com Inc."/>
    <property name="java.vm.version" value="17.0.8.1+8-LTS"/>
    <property name="sun.io.unicode.encoding" value="UnicodeBig"/>
    <property name="socksNonProxyHosts" value="local|*.local|169.254/16|*.169.254/16"/>
    <property name="java.class.version" value="61.0"/>
  </properties>
  <testcase name="shedPriceCalculator" classname="app.utility.CalculatorTest" time="0"/>
  <testcase name="carportPriceCalculator" classname="app.utility.CalculatorTest" time="0.003">
    <failure message="expected: &lt;20000.0&gt; but was: &lt;7200.0&gt;" type="org.opentest4j.AssertionFailedError"><![CDATA[org.opentest4j.AssertionFailedError: expected: <20000.0> but was: <7200.0>
	at org.junit.jupiter.api.AssertionUtils.fail(AssertionUtils.java:55)
	at org.junit.jupiter.api.AssertionUtils.failNotEqual(AssertionUtils.java:62)
	at org.junit.jupiter.api.AssertEquals.assertEquals(AssertEquals.java:102)
	at org.junit.jupiter.api.AssertEquals.assertEquals(AssertEquals.java:97)
	at org.junit.jupiter.api.Assertions.assertEquals(Assertions.java:731)
	at app.utility.CalculatorTest.carportPriceCalculator(CalculatorTest.java:26)
	at java.base/jdk.internal.reflect.NativeMethodAccessorImpl.invoke0(Native Method)
	at java.base/jdk.internal.reflect.NativeMethodAccessorImpl.invoke(NativeMethodAccessorImpl.java:77)
	at java.base/jdk.internal.reflect.DelegatingMethodAccessorImpl.invoke(DelegatingMethodAccessorImpl.java:43)
	at java.base/java.lang.reflect.Method.invoke(Method.java:568)
	at org.junit.platform.commons.util.ReflectionUtils.invokeMethod(ReflectionUtils.java:725)
	at org.junit.jupiter.engine.execution.MethodInvocation.proceed(MethodInvocation.java:60)
	at org.junit.jupiter.engine.execution.InvocationInterceptorChain$ValidatingInvocation.proceed(InvocationInterceptorChain.java:131)
	at org.junit.jupiter.engine.extension.TimeoutExtension.intercept(TimeoutExtension.java:149)
	at org.junit.jupiter.engine.extension.TimeoutExtension.interceptTestableMethod(TimeoutExtension.java:140)
	at org.junit.jupiter.engine.extension.TimeoutExtension.interceptTestMethod(TimeoutExtension.java:84)
	at org.junit.jupiter.engine.execution.ExecutableInvoker$ReflectiveInterceptorCall.lambda$ofVoidMethod$0(ExecutableInvoker.java:115)
	at org.junit.jupiter.engine.execution.ExecutableInvoker.lambda$invoke$0(ExecutableInvoker.java:105)
	at org.junit.jupiter.engine.execution.InvocationInterceptorChain$InterceptedInvocation.proceed(InvocationInterceptorChain.java:106)
	at org.junit.jupiter.engine.execution.InvocationInterceptorChain.proceed(InvocationInterceptorChain.java:64)
	at org.junit.jupiter.engine.execution.InvocationInterceptorChain.chainAndInvoke(InvocationInterceptorChain.java:45)
	at org.junit.jupiter.engine.execution.InvocationInterceptorChain.invoke(InvocationInterceptorChain.java:37)
	at org.junit.jupiter.engine.execution.ExecutableInvoker.invoke(ExecutableInvoker.java:104)
	at org.junit.jupiter.engine.execution.ExecutableInvoker.invoke(ExecutableInvoker.java:98)
	at org.junit.jupiter.engine.descriptor.TestMethodTestDescriptor.lambda$invokeTestMethod$7(TestMethodTestDescriptor.java:214)
	at org.junit.platform.engine.support.hierarchical.ThrowableCollector.execute(ThrowableCollector.java:73)
	at org.junit.jupiter.engine.descriptor.TestMethodTestDescriptor.invokeTestMethod(TestMethodTestDescriptor.java:210)
	at org.junit.jupiter.engine.descriptor.TestMethodTestDescriptor.execute(TestMethodTestDescriptor.java:135)
	at org.junit.jupiter.engine.descriptor.TestMethodTestDescriptor.execute(TestMethodTestDescriptor.java:66)
	at org.junit.platform.engine.support.hierarchical.NodeTestTask.lambda$executeRecursively$6(NodeTestTask.java:151)
	at org.junit.platform.engine.support.hierarchical.ThrowableCollector.execute(ThrowableCollector.java:73)
	at org.junit.platform.engine.support.hierarchical.NodeTestTask.lambda$executeRecursively$8(NodeTestTask.java:141)
	at org.junit.platform.engine.support.hierarchical.Node.around(Node.java:137)
	at org.junit.platform.engine.support.hierarchical.NodeTestTask.lambda$executeRecursively$9(NodeTestTask.java:139)
	at org.junit.platform.engine.support.hierarchical.ThrowableCollector.execute(ThrowableCollector.java:73)
	at org.junit.platform.engine.support.hierarchical.NodeTestTask.executeRecursively(NodeTestTask.java:138)
	at org.junit.platform.engine.support.hierarchical.NodeTestTask.execute(NodeTestTask.java:95)
	at java.base/java.util.ArrayList.forEach(ArrayList.java:1511)
	at org.junit.platform.engine.support.hierarchical.SameThreadHierarchicalTestExecutorService.invokeAll(SameThreadHierarchicalTestExecutorService.java:41)
	at org.junit.platform.engine.support.hierarchical.NodeTestTask.lambda$executeRecursively$6(NodeTestTask.java:155)
	at org.junit.platform.engine.support.hierarchical.ThrowableCollector.execute(ThrowableCollector.java:73)
	at org.junit.platform.engine.support.hierarchical.NodeTestTask.lambda$executeRecursively$8(NodeTestTask.java:141)
	at org.junit.platform.engine.support.hierarchical.Node.around(Node.java:137)
	at org.junit.platform.engine.support.hierarchical.NodeTestTask.lambda$executeRecursively$9(NodeTestTask.java:139)
	at org.junit.platform.engine.support.hierarchical.ThrowableCollector.execute(ThrowableCollector.java:73)
	at org.junit.platform.engine.support.hierarchical.NodeTestTask.executeRecursively(NodeTestTask.java:138)
	at org.junit.platform.engine.support.hierarchical.NodeTestTask.execute(NodeTestTask.java:95)
	at java.base/java.util.ArrayList.forEach(ArrayList.java:1511)
	at org.junit.platform.engine.support.hierarchical.SameThreadHierarchicalTestExecutorService.invokeAll(SameThreadHierarchicalTestExecutorService.java:41)
	at org.junit.platform.engine.support.hierarchical.NodeTestTask.lambda$executeRecursively$6(NodeTestTask.java:155)
	at org.junit.platform.engine.support.hierarchical.ThrowableCollector.execute(ThrowableCollector.java:73)
	at org.junit.platform.engine.support.hierarchical.NodeTestTask.lambda$executeRecursively$8(NodeTestTask.java:141)
	at org.junit.platform.engine.support.hierarchical.Node.around(Node.java:137)
	at org.junit.platform.engine.support.hierarchical.NodeTestTask.lambda$executeRecursively$9(NodeTestTask.java:139)
	at org.junit.platform.engine.support.hierarchical.ThrowableCollector.execute(ThrowableCollector.java:73)
	at org.junit.platform.engine.support.hierarchical.NodeTestTask.executeRecursively(NodeTestTask.java:138)
	at org.junit.platform.engine.support.hierarchical.NodeTestTask.execute(NodeTestTask.java:95)
	at org.junit.platform.engine.support.hierarchical.SameThreadHierarchicalTestExecutorService.submit(SameThreadHierarchicalTestExecutorService.java:35)
	at org.junit.platform.engine.support.hierarchical.HierarchicalTestExecutor.execute(HierarchicalTestExecutor.java:57)
	at org.junit.platform.engine.support.hierarchical.HierarchicalTestEngine.execute(HierarchicalTestEngine.java:54)
	at org.junit.platform.launcher.core.EngineExecutionOrchestrator.execute(EngineExecutionOrchestrator.java:107)
	at org.junit.platform.launcher.core.EngineExecutionOrchestrator.execute(EngineExecutionOrchestrator.java:88)
	at org.junit.platform.launcher.core.EngineExecutionOrchestrator.lambda$execute$0(EngineExecutionOrchestrator.java:54)
	at org.junit.platform.launcher.core.EngineExecutionOrchestrator.withInterceptedStreams(EngineExecutionOrchestrator.java:67)
	at org.junit.platform.launcher.core.EngineExecutionOrchestrator.execute(EngineExecutionOrchestrator.java:52)
	at org.junit.platform.launcher.core.DefaultLauncher.execute(DefaultLauncher.java:114)
	at org.junit.platform.launcher.core.DefaultLauncher.execute(DefaultLauncher.java:86)
	at org.junit.platform.launcher.core.DefaultLauncherSession$DelegatingLauncher.execute(DefaultLauncherSession.java:86)
	at org.apache.maven.surefire.junitplatform.LazyLauncher.execute(LazyLauncher.java:50)
	at org.apache.maven.surefire.junitplatform.JUnitPlatformProvider.execute(JUnitPlatformProvider.java:184)
	at org.apache.maven.surefire.junitplatform.JUnitPlatformProvider.invokeAllTests(JUnitPlatformProvider.java:148)
	at org.apache.maven.surefire.junitplatform.JUnitPlatformProvider.invoke(JUnitPlatformProvider.java:122)
	at org.apache.maven.surefire.booter.ForkedBooter.runSuitesInProcess(ForkedBooter.java:385)
	at org.apache.maven.surefire.booter.ForkedBooter.execute(ForkedBooter.java:162)
	at org.apache.maven.surefire.booter.ForkedBooter.run(ForkedBooter.java:507)
	at org.apache.maven.surefire.booter.ForkedBooter.main(ForkedBooter.java:495)
]]></failure>
  </testcase>
  <testcase name="numberOfRafter" classname="app.utility.CalculatorTest" time="0.005">
    <failure message="expected: &lt;10&gt; but was: &lt;5&gt;" type="org.opentest4j.AssertionFailedError"><![CDATA[org.opentest4j.AssertionFailedError: expected: <10> but was: <5>
	at org.junit.jupiter.api.AssertionUtils.fail(AssertionUtils.java:55)
	at org.junit.jupiter.api.AssertionUtils.failNotEqual(AssertionUtils.java:62)
	at org.junit.jupiter.api.AssertEquals.assertEquals(AssertEquals.java:150)
	at org.junit.jupiter.api.AssertEquals.assertEquals(AssertEquals.java:145)
	at org.junit.jupiter.api.Assertions.assertEquals(Assertions.java:527)
	at app.utility.CalculatorTest.numberOfRafter(CalculatorTest.java:53)
	at java.base/jdk.internal.reflect.NativeMethodAccessorImpl.invoke0(Native Method)
	at java.base/jdk.internal.reflect.NativeMethodAccessorImpl.invoke(NativeMethodAccessorImpl.java:77)
	at java.base/jdk.internal.reflect.DelegatingMethodAccessorImpl.invoke(DelegatingMethodAccessorImpl.java:43)
	at java.base/java.lang.reflect.Method.invoke(Method.java:568)
	at org.junit.platform.commons.util.ReflectionUtils.invokeMethod(ReflectionUtils.java:725)
	at org.junit.jupiter.engine.execution.MethodInvocation.proceed(MethodInvocation.java:60)
	at org.junit.jupiter.engine.execution.InvocationInterceptorChain$ValidatingInvocation.proceed(InvocationInterceptorChain.java:131)
	at org.junit.jupiter.engine.extension.TimeoutExtension.intercept(TimeoutExtension.java:149)
	at org.junit.jupiter.engine.extension.TimeoutExtension.interceptTestableMethod(TimeoutExtension.java:140)
	at org.junit.jupiter.engine.extension.TimeoutExtension.interceptTestMethod(TimeoutExtension.java:84)
	at org.junit.jupiter.engine.execution.ExecutableInvoker$ReflectiveInterceptorCall.lambda$ofVoidMethod$0(ExecutableInvoker.java:115)
	at org.junit.jupiter.engine.execution.ExecutableInvoker.lambda$invoke$0(ExecutableInvoker.java:105)
	at org.junit.jupiter.engine.execution.InvocationInterceptorChain$InterceptedInvocation.proceed(InvocationInterceptorChain.java:106)
	at org.junit.jupiter.engine.execution.InvocationInterceptorChain.proceed(InvocationInterceptorChain.java:64)
	at org.junit.jupiter.engine.execution.InvocationInterceptorChain.chainAndInvoke(InvocationInterceptorChain.java:45)
	at org.junit.jupiter.engine.execution.InvocationInterceptorChain.invoke(InvocationInterceptorChain.java:37)
	at org.junit.jupiter.engine.execution.ExecutableInvoker.invoke(ExecutableInvoker.java:104)
	at org.junit.jupiter.engine.execution.ExecutableInvoker.invoke(ExecutableInvoker.java:98)
	at org.junit.jupiter.engine.descriptor.TestMethodTestDescriptor.lambda$invokeTestMethod$7(TestMethodTestDescriptor.java:214)
	at org.junit.platform.engine.support.hierarchical.ThrowableCollector.execute(ThrowableCollector.java:73)
	at org.junit.jupiter.engine.descriptor.TestMethodTestDescriptor.invokeTestMethod(TestMethodTestDescriptor.java:210)
	at org.junit.jupiter.engine.descriptor.TestMethodTestDescriptor.execute(TestMethodTestDescriptor.java:135)
	at org.junit.jupiter.engine.descriptor.TestMethodTestDescriptor.execute(TestMethodTestDescriptor.java:66)
	at org.junit.platform.engine.support.hierarchical.NodeTestTask.lambda$executeRecursively$6(NodeTestTask.java:151)
	at org.junit.platform.engine.support.hierarchical.ThrowableCollector.execute(ThrowableCollector.java:73)
	at org.junit.platform.engine.support.hierarchical.NodeTestTask.lambda$executeRecursively$8(NodeTestTask.java:141)
	at org.junit.platform.engine.support.hierarchical.Node.around(Node.java:137)
	at org.junit.platform.engine.support.hierarchical.NodeTestTask.lambda$executeRecursively$9(NodeTestTask.java:139)
	at org.junit.platform.engine.support.hierarchical.ThrowableCollector.execute(ThrowableCollector.java:73)
	at org.junit.platform.engine.support.hierarchical.NodeTestTask.executeRecursively(NodeTestTask.java:138)
	at org.junit.platform.engine.support.hierarchical.NodeTestTask.execute(NodeTestTask.java:95)
	at java.base/java.util.ArrayList.forEach(ArrayList.java:1511)
	at org.junit.platform.engine.support.hierarchical.SameThreadHierarchicalTestExecutorService.invokeAll(SameThreadHierarchicalTestExecutorService.java:41)
	at org.junit.platform.engine.support.hierarchical.NodeTestTask.lambda$executeRecursively$6(NodeTestTask.java:155)
	at org.junit.platform.engine.support.hierarchical.ThrowableCollector.execute(ThrowableCollector.java:73)
	at org.junit.platform.engine.support.hierarchical.NodeTestTask.lambda$executeRecursively$8(NodeTestTask.java:141)
	at org.junit.platform.engine.support.hierarchical.Node.around(Node.java:137)
	at org.junit.platform.engine.support.hierarchical.NodeTestTask.lambda$executeRecursively$9(NodeTestTask.java:139)
	at org.junit.platform.engine.support.hierarchical.ThrowableCollector.execute(ThrowableCollector.java:73)
	at org.junit.platform.engine.support.hierarchical.NodeTestTask.executeRecursively(NodeTestTask.java:138)
	at org.junit.platform.engine.support.hierarchical.NodeTestTask.execute(NodeTestTask.java:95)
	at java.base/java.util.ArrayList.forEach(ArrayList.java:1511)
	at org.junit.platform.engine.support.hierarchical.SameThreadHierarchicalTestExecutorService.invokeAll(SameThreadHierarchicalTestExecutorService.java:41)
	at org.junit.platform.engine.support.hierarchical.NodeTestTask.lambda$executeRecursively$6(NodeTestTask.java:155)
	at org.junit.platform.engine.support.hierarchical.ThrowableCollector.execute(ThrowableCollector.java:73)
	at org.junit.platform.engine.support.hierarchical.NodeTestTask.lambda$executeRecursively$8(NodeTestTask.java:141)
	at org.junit.platform.engine.support.hierarchical.Node.around(Node.java:137)
	at org.junit.platform.engine.support.hierarchical.NodeTestTask.lambda$executeRecursively$9(NodeTestTask.java:139)
	at org.junit.platform.engine.support.hierarchical.ThrowableCollector.execute(ThrowableCollector.java:73)
	at org.junit.platform.engine.support.hierarchical.NodeTestTask.executeRecursively(NodeTestTask.java:138)
	at org.junit.platform.engine.support.hierarchical.NodeTestTask.execute(NodeTestTask.java:95)
	at org.junit.platform.engine.support.hierarchical.SameThreadHierarchicalTestExecutorService.submit(SameThreadHierarchicalTestExecutorService.java:35)
	at org.junit.platform.engine.support.hierarchical.HierarchicalTestExecutor.execute(HierarchicalTestExecutor.java:57)
	at org.junit.platform.engine.support.hierarchical.HierarchicalTestEngine.execute(HierarchicalTestEngine.java:54)
	at org.junit.platform.launcher.core.EngineExecutionOrchestrator.execute(EngineExecutionOrchestrator.java:107)
	at org.junit.platform.launcher.core.EngineExecutionOrchestrator.execute(EngineExecutionOrchestrator.java:88)
	at org.junit.platform.launcher.core.EngineExecutionOrchestrator.lambda$execute$0(EngineExecutionOrchestrator.java:54)
	at org.junit.platform.launcher.core.EngineExecutionOrchestrator.withInterceptedStreams(EngineExecutionOrchestrator.java:67)
	at org.junit.platform.launcher.core.EngineExecutionOrchestrator.execute(EngineExecutionOrchestrator.java:52)
	at org.junit.platform.launcher.core.DefaultLauncher.execute(DefaultLauncher.java:114)
	at org.junit.platform.launcher.core.DefaultLauncher.execute(DefaultLauncher.java:86)
	at org.junit.platform.launcher.core.DefaultLauncherSession$DelegatingLauncher.execute(DefaultLauncherSession.java:86)
	at org.apache.maven.surefire.junitplatform.LazyLauncher.execute(LazyLauncher.java:50)
	at org.apache.maven.surefire.junitplatform.JUnitPlatformProvider.execute(JUnitPlatformProvider.java:184)
	at org.apache.maven.surefire.junitplatform.JUnitPlatformProvider.invokeAllTests(JUnitPlatformProvider.java:148)
	at org.apache.maven.surefire.junitplatform.JUnitPlatformProvider.invoke(JUnitPlatformProvider.java:122)
	at org.apache.maven.surefire.booter.ForkedBooter.runSuitesInProcess(ForkedBooter.java:385)
	at org.apache.maven.surefire.booter.ForkedBooter.execute(ForkedBooter.java:162)
	at org.apache.maven.surefire.booter.ForkedBooter.run(ForkedBooter.java:507)
	at org.apache.maven.surefire.booter.ForkedBooter.main(ForkedBooter.java:495)
]]></failure>
  </testcase>
  <testcase name="piecesOfPost" classname="app.utility.CalculatorTest" time="0.003">
    <failure message="expected: &lt;10&gt; but was: &lt;4&gt;" type="org.opentest4j.AssertionFailedError"><![CDATA[org.opentest4j.AssertionFailedError: expected: <10> but was: <4>
	at org.junit.jupiter.api.AssertionUtils.fail(AssertionUtils.java:55)
	at org.junit.jupiter.api.AssertionUtils.failNotEqual(AssertionUtils.java:62)
	at org.junit.jupiter.api.AssertEquals.assertEquals(AssertEquals.java:150)
	at org.junit.jupiter.api.AssertEquals.assertEquals(AssertEquals.java:145)
	at org.junit.jupiter.api.Assertions.assertEquals(Assertions.java:527)
	at app.utility.CalculatorTest.piecesOfPost(CalculatorTest.java:46)
	at java.base/jdk.internal.reflect.NativeMethodAccessorImpl.invoke0(Native Method)
	at java.base/jdk.internal.reflect.NativeMethodAccessorImpl.invoke(NativeMethodAccessorImpl.java:77)
	at java.base/jdk.internal.reflect.DelegatingMethodAccessorImpl.invoke(DelegatingMethodAccessorImpl.java:43)
	at java.base/java.lang.reflect.Method.invoke(Method.java:568)
	at org.junit.platform.commons.util.ReflectionUtils.invokeMethod(ReflectionUtils.java:725)
	at org.junit.jupiter.engine.execution.MethodInvocation.proceed(MethodInvocation.java:60)
	at org.junit.jupiter.engine.execution.InvocationInterceptorChain$ValidatingInvocation.proceed(InvocationInterceptorChain.java:131)
	at org.junit.jupiter.engine.extension.TimeoutExtension.intercept(TimeoutExtension.java:149)
	at org.junit.jupiter.engine.extension.TimeoutExtension.interceptTestableMethod(TimeoutExtension.java:140)
	at org.junit.jupiter.engine.extension.TimeoutExtension.interceptTestMethod(TimeoutExtension.java:84)
	at org.junit.jupiter.engine.execution.ExecutableInvoker$ReflectiveInterceptorCall.lambda$ofVoidMethod$0(ExecutableInvoker.java:115)
	at org.junit.jupiter.engine.execution.ExecutableInvoker.lambda$invoke$0(ExecutableInvoker.java:105)
	at org.junit.jupiter.engine.execution.InvocationInterceptorChain$InterceptedInvocation.proceed(InvocationInterceptorChain.java:106)
	at org.junit.jupiter.engine.execution.InvocationInterceptorChain.proceed(InvocationInterceptorChain.java:64)
	at org.junit.jupiter.engine.execution.InvocationInterceptorChain.chainAndInvoke(InvocationInterceptorChain.java:45)
	at org.junit.jupiter.engine.execution.InvocationInterceptorChain.invoke(InvocationInterceptorChain.java:37)
	at org.junit.jupiter.engine.execution.ExecutableInvoker.invoke(ExecutableInvoker.java:104)
	at org.junit.jupiter.engine.execution.ExecutableInvoker.invoke(ExecutableInvoker.java:98)
	at org.junit.jupiter.engine.descriptor.TestMethodTestDescriptor.lambda$invokeTestMethod$7(TestMethodTestDescriptor.java:214)
	at org.junit.platform.engine.support.hierarchical.ThrowableCollector.execute(ThrowableCollector.java:73)
	at org.junit.jupiter.engine.descriptor.TestMethodTestDescriptor.invokeTestMethod(TestMethodTestDescriptor.java:210)
	at org.junit.jupiter.engine.descriptor.TestMethodTestDescriptor.execute(TestMethodTestDescriptor.java:135)
	at org.junit.jupiter.engine.descriptor.TestMethodTestDescriptor.execute(TestMethodTestDescriptor.java:66)
	at org.junit.platform.engine.support.hierarchical.NodeTestTask.lambda$executeRecursively$6(NodeTestTask.java:151)
	at org.junit.platform.engine.support.hierarchical.ThrowableCollector.execute(ThrowableCollector.java:73)
	at org.junit.platform.engine.support.hierarchical.NodeTestTask.lambda$executeRecursively$8(NodeTestTask.java:141)
	at org.junit.platform.engine.support.hierarchical.Node.around(Node.java:137)
	at org.junit.platform.engine.support.hierarchical.NodeTestTask.lambda$executeRecursively$9(NodeTestTask.java:139)
	at org.junit.platform.engine.support.hierarchical.ThrowableCollector.execute(ThrowableCollector.java:73)
	at org.junit.platform.engine.support.hierarchical.NodeTestTask.executeRecursively(NodeTestTask.java:138)
	at org.junit.platform.engine.support.hierarchical.NodeTestTask.execute(NodeTestTask.java:95)
	at java.base/java.util.ArrayList.forEach(ArrayList.java:1511)
	at org.junit.platform.engine.support.hierarchical.SameThreadHierarchicalTestExecutorService.invokeAll(SameThreadHierarchicalTestExecutorService.java:41)
	at org.junit.platform.engine.support.hierarchical.NodeTestTask.lambda$executeRecursively$6(NodeTestTask.java:155)
	at org.junit.platform.engine.support.hierarchical.ThrowableCollector.execute(ThrowableCollector.java:73)
	at org.junit.platform.engine.support.hierarchical.NodeTestTask.lambda$executeRecursively$8(NodeTestTask.java:141)
	at org.junit.platform.engine.support.hierarchical.Node.around(Node.java:137)
	at org.junit.platform.engine.support.hierarchical.NodeTestTask.lambda$executeRecursively$9(NodeTestTask.java:139)
	at org.junit.platform.engine.support.hierarchical.ThrowableCollector.execute(ThrowableCollector.java:73)
	at org.junit.platform.engine.support.hierarchical.NodeTestTask.executeRecursively(NodeTestTask.java:138)
	at org.junit.platform.engine.support.hierarchical.NodeTestTask.execute(NodeTestTask.java:95)
	at java.base/java.util.ArrayList.forEach(ArrayList.java:1511)
	at org.junit.platform.engine.support.hierarchical.SameThreadHierarchicalTestExecutorService.invokeAll(SameThreadHierarchicalTestExecutorService.java:41)
	at org.junit.platform.engine.support.hierarchical.NodeTestTask.lambda$executeRecursively$6(NodeTestTask.java:155)
	at org.junit.platform.engine.support.hierarchical.ThrowableCollector.execute(ThrowableCollector.java:73)
	at org.junit.platform.engine.support.hierarchical.NodeTestTask.lambda$executeRecursively$8(NodeTestTask.java:141)
	at org.junit.platform.engine.support.hierarchical.Node.around(Node.java:137)
	at org.junit.platform.engine.support.hierarchical.NodeTestTask.lambda$executeRecursively$9(NodeTestTask.java:139)
	at org.junit.platform.engine.support.hierarchical.ThrowableCollector.execute(ThrowableCollector.java:73)
	at org.junit.platform.engine.support.hierarchical.NodeTestTask.executeRecursively(NodeTestTask.java:138)
	at org.junit.platform.engine.support.hierarchical.NodeTestTask.execute(NodeTestTask.java:95)
	at org.junit.platform.engine.support.hierarchical.SameThreadHierarchicalTestExecutorService.submit(SameThreadHierarchicalTestExecutorService.java:35)
	at org.junit.platform.engine.support.hierarchical.HierarchicalTestExecutor.execute(HierarchicalTestExecutor.java:57)
	at org.junit.platform.engine.support.hierarchical.HierarchicalTestEngine.execute(HierarchicalTestEngine.java:54)
	at org.junit.platform.launcher.core.EngineExecutionOrchestrator.execute(EngineExecutionOrchestrator.java:107)
	at org.junit.platform.launcher.core.EngineExecutionOrchestrator.execute(EngineExecutionOrchestrator.java:88)
	at org.junit.platform.launcher.core.EngineExecutionOrchestrator.lambda$execute$0(EngineExecutionOrchestrator.java:54)
	at org.junit.platform.launcher.core.EngineExecutionOrchestrator.withInterceptedStreams(EngineExecutionOrchestrator.java:67)
	at org.junit.platform.launcher.core.EngineExecutionOrchestrator.execute(EngineExecutionOrchestrator.java:52)
	at org.junit.platform.launcher.core.DefaultLauncher.execute(DefaultLauncher.java:114)
	at org.junit.platform.launcher.core.DefaultLauncher.execute(DefaultLauncher.java:86)
	at org.junit.platform.launcher.core.DefaultLauncherSession$DelegatingLauncher.execute(DefaultLauncherSession.java:86)
	at org.apache.maven.surefire.junitplatform.LazyLauncher.execute(LazyLauncher.java:50)
	at org.apache.maven.surefire.junitplatform.JUnitPlatformProvider.execute(JUnitPlatformProvider.java:184)
	at org.apache.maven.surefire.junitplatform.JUnitPlatformProvider.invokeAllTests(JUnitPlatformProvider.java:148)
	at org.apache.maven.surefire.junitplatform.JUnitPlatformProvider.invoke(JUnitPlatformProvider.java:122)
	at org.apache.maven.surefire.booter.ForkedBooter.runSuitesInProcess(ForkedBooter.java:385)
	at org.apache.maven.surefire.booter.ForkedBooter.execute(ForkedBooter.java:162)
	at org.apache.maven.surefire.booter.ForkedBooter.run(ForkedBooter.java:507)
	at org.apache.maven.surefire.booter.ForkedBooter.main(ForkedBooter.java:495)
]]></failure>
  </testcase>
  <testcase name="carportPriceCalculator2" classname="app.utility.CalculatorTest" time="0"/>
</testsuite>